2022-08-18 10:31:40 INFO     Started
2022-08-18 10:31:40 WARNING  another warning
2022-08-18 10:31:40 INFO     30
2022-08-18 10:31:40 INFO     [1610612737, 1610612738, 1610612739, 1610612740, 1610612741, 1610612742, 1610612743, 1610612744, 1610612745, 1610612746, 1610612747, 1610612748, 1610612749, 1610612750, 1610612751, 1610612752, 1610612753, 1610612754, 1610612755, 1610612756, 1610612757, 1610612758, 1610612759, 1610612760, 1610612761, 1610612762, 1610612763, 1610612764, 1610612765, 1610612766]
2022-08-18 10:31:40 INFO     Started
2022-08-18 10:31:41 INFO     1610612737
2022-08-18 10:31:41 INFO     Searching through 82 game(s) for the game_id of 0022101221 where ATL @ HOU
2022-08-18 10:31:42 INFO     1610612738
2022-08-18 10:31:42 INFO     Searching through 82 game(s) for the game_id of 0022101223 where BOS @ MEM
2022-08-18 10:31:43 INFO     1610612739
2022-08-18 10:31:43 INFO     Searching through 82 game(s) for the game_id of 0022101218 where CLE vs. MIL
2022-08-18 10:31:44 INFO     1610612740
2022-08-18 10:31:44 INFO     Searching through 82 game(s) for the game_id of 0022101225 where NOP vs. GSW
2022-08-18 10:31:45 INFO     1610612741
2022-08-18 10:31:45 INFO     Searching through 82 game(s) for the game_id of 0022101224 where CHI @ MIN
2022-08-18 10:31:47 INFO     1610612742
2022-08-18 10:31:47 INFO     Searching through 82 game(s) for the game_id of 0022101219 where DAL vs. SAS
2022-08-18 10:31:48 INFO     1610612743
2022-08-18 10:31:48 INFO     Searching through 82 game(s) for the game_id of 0022101220 where DEN vs. LAL
2022-08-18 10:31:49 INFO     1610612744
2022-08-18 10:31:49 INFO     Searching through 82 game(s) for the game_id of 0022101225 where GSW @ NOP
2022-08-18 10:31:50 INFO     1610612745
2022-08-18 10:31:50 INFO     Searching through 82 game(s) for the game_id of 0022101221 where HOU vs. ATL
2022-08-18 10:31:51 INFO     1610612746
2022-08-18 10:31:51 INFO     Searching through 82 game(s) for the game_id of 0022101222 where LAC vs. OKC
2022-08-18 10:31:52 INFO     1610612747
2022-08-18 10:31:52 INFO     Searching through 82 game(s) for the game_id of 0022101220 where LAL @ DEN
2022-08-18 10:31:53 INFO     1610612748
2022-08-18 10:31:53 INFO     Searching through 82 game(s) for the game_id of 0022101227 where MIA @ ORL
2022-08-18 10:31:54 INFO     1610612749
2022-08-18 10:31:54 INFO     Searching through 82 game(s) for the game_id of 0022101218 where MIL @ CLE
2022-08-18 10:31:55 INFO     1610612750
2022-08-18 10:31:55 INFO     Searching through 82 game(s) for the game_id of 0022101224 where MIN vs. CHI
2022-08-18 10:31:57 INFO     1610612751
2022-08-18 10:31:57 INFO     Searching through 82 game(s) for the game_id of 0022101216 where BKN vs. IND
2022-08-18 10:31:58 INFO     1610612752
2022-08-18 10:31:58 INFO     Searching through 82 game(s) for the game_id of 0022101226 where NYK vs. TOR
2022-08-18 10:31:59 INFO     1610612753
2022-08-18 10:31:59 INFO     Searching through 82 game(s) for the game_id of 0022101227 where ORL vs. MIA
2022-08-18 10:32:00 INFO     1610612754
2022-08-18 10:32:00 INFO     Searching through 82 game(s) for the game_id of 0022101216 where IND @ BKN
2022-08-18 10:32:01 INFO     1610612755
2022-08-18 10:32:01 INFO     Searching through 82 game(s) for the game_id of 0022101228 where PHI vs. DET
2022-08-18 10:32:02 INFO     1610612756
2022-08-18 10:32:02 INFO     Searching through 82 game(s) for the game_id of 0022101229 where PHX vs. SAC
2022-08-18 10:32:03 INFO     1610612757
2022-08-18 10:32:03 INFO     Searching through 82 game(s) for the game_id of 0022101230 where POR vs. UTA
2022-08-18 10:32:04 INFO     1610612758
2022-08-18 10:32:04 INFO     Searching through 82 game(s) for the game_id of 0022101229 where SAC @ PHX
2022-08-18 10:32:05 INFO     1610612759
2022-08-18 10:32:05 INFO     Searching through 82 game(s) for the game_id of 0022101219 where SAS @ DAL
2022-08-18 10:32:06 INFO     1610612760
2022-08-18 10:32:06 INFO     Searching through 82 game(s) for the game_id of 0022101222 where OKC @ LAC
2022-08-18 10:32:08 INFO     1610612761
2022-08-18 10:32:08 INFO     Searching through 82 game(s) for the game_id of 0022101226 where TOR @ NYK
2022-08-18 10:32:09 INFO     1610612762
2022-08-18 10:32:09 INFO     Searching through 82 game(s) for the game_id of 0022101230 where UTA @ POR
2022-08-18 10:32:10 INFO     1610612763
2022-08-18 10:32:10 INFO     Searching through 82 game(s) for the game_id of 0022101223 where MEM vs. BOS
2022-08-18 10:32:11 INFO     1610612764
2022-08-18 10:32:11 INFO     Searching through 82 game(s) for the game_id of 0022101217 where WAS @ CHA
2022-08-18 10:32:12 INFO     1610612765
2022-08-18 10:32:12 INFO     Searching through 82 game(s) for the game_id of 0022101228 where DET @ PHI
2022-08-18 10:32:13 INFO     1610612766
2022-08-18 10:32:13 INFO     Searching through 82 game(s) for the game_id of 0022101217 where CHA vs. WAS
2023-07-17 22:18:06 INFO     Started
2023-07-17 22:18:06 WARNING  another warning
2023-07-17 22:18:06 INFO     30
2023-07-17 22:18:06 INFO     [1610612737, 1610612738, 1610612739, 1610612740, 1610612741, 1610612742, 1610612743, 1610612744, 1610612745, 1610612746, 1610612747, 1610612748, 1610612749, 1610612750, 1610612751, 1610612752, 1610612753, 1610612754, 1610612755, 1610612756, 1610612757, 1610612758, 1610612759, 1610612760, 1610612761, 1610612762, 1610612763, 1610612764, 1610612765, 1610612766]
2023-07-17 22:18:06 INFO     Started
2023-07-17 22:18:08 INFO     1610612737
2023-07-17 22:18:08 INFO     Searching through 82 game(s) for the game_id of 0022201216 where ATL @ BOS
2023-07-17 22:18:09 INFO     1610612738
2023-07-17 22:18:09 INFO     Searching through 82 game(s) for the game_id of 0022201216 where BOS vs. ATL
2023-07-17 22:18:11 INFO     1610612739
2023-07-17 22:18:11 INFO     Searching through 82 game(s) for the game_id of 0022201218 where CLE vs. CHA
2023-07-17 22:18:13 INFO     1610612740
2023-07-17 22:18:13 INFO     Searching through 82 game(s) for the game_id of 0022201225 where NOP @ MIN
2023-07-17 22:18:15 INFO     1610612741
2023-07-17 22:18:15 INFO     Searching through 82 game(s) for the game_id of 0022201223 where CHI vs. DET
2023-07-17 22:18:16 INFO     1610612742
2023-07-17 22:18:16 INFO     Searching through 82 game(s) for the game_id of 0022201224 where DAL vs. SAS
2023-07-17 22:18:18 INFO     1610612743
2023-07-17 22:18:18 INFO     Searching through 82 game(s) for the game_id of 0022201227 where DEN vs. SAC
2023-07-17 22:18:20 INFO     1610612744
2023-07-17 22:18:20 INFO     Searching through 82 game(s) for the game_id of 0022201230 where GSW @ POR
2023-07-17 22:18:21 INFO     1610612745
2023-07-17 22:18:21 INFO     Searching through 82 game(s) for the game_id of 0022201222 where HOU @ WAS
2023-07-17 22:18:23 INFO     1610612746
2023-07-17 22:18:23 INFO     Searching through 82 game(s) for the game_id of 0022201229 where LAC @ PHX
2023-07-17 22:18:24 INFO     1610612747
2023-07-17 22:18:24 INFO     Searching through 82 game(s) for the game_id of 0022201228 where LAL vs. UTA
2023-07-17 22:18:26 INFO     1610612748
2023-07-17 22:18:26 INFO     Searching through 82 game(s) for the game_id of 0022201219 where MIA vs. ORL
2023-07-17 22:18:28 INFO     1610612749
2023-07-17 22:18:28 INFO     Searching through 82 game(s) for the game_id of 0022201221 where MIL @ TOR
2023-07-17 22:18:30 INFO     1610612750
2023-07-17 22:18:30 INFO     Searching through 82 game(s) for the game_id of 0022201225 where MIN vs. NOP
2023-07-17 22:18:31 INFO     1610612751
2023-07-17 22:18:31 INFO     Searching through 82 game(s) for the game_id of 0022201217 where BKN vs. PHI
2023-07-17 22:18:33 INFO     1610612752
2023-07-17 22:18:33 INFO     Searching through 82 game(s) for the game_id of 0022201220 where NYK vs. IND
2023-07-17 22:18:35 INFO     1610612753
2023-07-17 22:18:35 INFO     Searching through 82 game(s) for the game_id of 0022201219 where ORL @ MIA
2023-07-17 22:18:36 INFO     1610612754
2023-07-17 22:18:36 INFO     Searching through 82 game(s) for the game_id of 0022201220 where IND @ NYK
2023-07-17 22:18:38 INFO     1610612755
2023-07-17 22:18:38 INFO     Searching through 82 game(s) for the game_id of 0022201217 where PHI @ BKN
2023-07-17 22:18:40 INFO     1610612756
2023-07-17 22:18:40 INFO     Searching through 82 game(s) for the game_id of 0022201229 where PHX vs. LAC
2023-07-17 22:18:41 INFO     1610612757
2023-07-17 22:18:41 INFO     Searching through 82 game(s) for the game_id of 0022201230 where POR vs. GSW
2023-07-17 22:18:43 INFO     1610612758
2023-07-17 22:18:43 INFO     Searching through 82 game(s) for the game_id of 0022201227 where SAC @ DEN
2023-07-17 22:18:45 INFO     1610612759
2023-07-17 22:18:45 INFO     Searching through 82 game(s) for the game_id of 0022201224 where SAS @ DAL
2023-07-17 22:18:46 INFO     1610612760
2023-07-17 22:18:46 INFO     Searching through 82 game(s) for the game_id of 0022201226 where OKC vs. MEM
2023-07-17 22:18:48 INFO     1610612761
2023-07-17 22:18:48 INFO     Searching through 82 game(s) for the game_id of 0022201221 where TOR vs. MIL
2023-07-17 22:18:50 INFO     1610612762
2023-07-17 22:18:50 INFO     Searching through 82 game(s) for the game_id of 0022201228 where UTA @ LAL
2023-07-17 22:18:51 INFO     1610612763
2023-07-17 22:18:51 INFO     Searching through 82 game(s) for the game_id of 0022201226 where MEM @ OKC
2023-07-17 22:18:53 INFO     1610612764
2023-07-17 22:18:53 INFO     Searching through 82 game(s) for the game_id of 0022201222 where WAS vs. HOU
2023-07-17 22:18:55 INFO     1610612765
2023-07-17 22:18:55 INFO     Searching through 82 game(s) for the game_id of 0022201223 where DET @ CHI
2023-07-17 22:18:56 INFO     1610612766
2023-07-17 22:18:56 INFO     Searching through 82 game(s) for the game_id of 0022201218 where CHA @ CLE
2023-07-20 22:13:37 INFO     Started
2023-07-20 22:13:37 WARNING  another warning
2023-07-20 22:13:37 INFO     30
2023-07-20 22:13:37 INFO     [1610612737, 1610612738, 1610612739, 1610612740, 1610612741, 1610612742, 1610612743, 1610612744, 1610612745, 1610612746, 1610612747, 1610612748, 1610612749, 1610612750, 1610612751, 1610612752, 1610612753, 1610612754, 1610612755, 1610612756, 1610612757, 1610612758, 1610612759, 1610612760, 1610612761, 1610612762, 1610612763, 1610612764, 1610612765, 1610612766]
2023-07-20 22:13:37 INFO     Started
2023-07-20 22:13:39 INFO     1610612737
2023-07-20 22:13:39 INFO     Searching through 82 game(s) for the game_id of 0022201216 where ATL @ BOS
2023-07-20 22:13:42 INFO     1610612738
2023-07-20 22:13:42 INFO     Searching through 82 game(s) for the game_id of 0022201216 where BOS vs. ATL
2023-07-20 22:13:44 INFO     1610612739
2023-07-20 22:13:44 INFO     Searching through 82 game(s) for the game_id of 0022201218 where CLE vs. CHA
2023-07-20 22:13:46 INFO     1610612740
2023-07-20 22:13:46 INFO     Searching through 82 game(s) for the game_id of 0022201225 where NOP @ MIN
2023-07-20 22:13:49 INFO     1610612741
2023-07-20 22:13:49 INFO     Searching through 82 game(s) for the game_id of 0022201223 where CHI vs. DET
2023-07-20 22:13:51 INFO     1610612742
2023-07-20 22:13:51 INFO     Searching through 82 game(s) for the game_id of 0022201224 where DAL vs. SAS
2023-07-20 22:13:53 INFO     1610612743
2023-07-20 22:13:53 INFO     Searching through 82 game(s) for the game_id of 0022201227 where DEN vs. SAC
2023-07-20 22:13:55 INFO     1610612744
2023-07-20 22:13:55 INFO     Searching through 82 game(s) for the game_id of 0022201230 where GSW @ POR
2023-07-20 22:13:57 INFO     1610612745
2023-07-20 22:13:57 INFO     Searching through 82 game(s) for the game_id of 0022201222 where HOU @ WAS
2023-07-20 22:13:59 INFO     1610612746
2023-07-20 22:13:59 INFO     Searching through 82 game(s) for the game_id of 0022201229 where LAC @ PHX
2023-07-20 22:14:02 INFO     1610612747
2023-07-20 22:14:02 INFO     Searching through 82 game(s) for the game_id of 0022201228 where LAL vs. UTA
2023-07-20 22:14:04 INFO     1610612748
2023-07-20 22:14:04 INFO     Searching through 82 game(s) for the game_id of 0022201219 where MIA vs. ORL
2023-07-20 22:14:06 INFO     1610612749
2023-07-20 22:14:06 INFO     Searching through 82 game(s) for the game_id of 0022201221 where MIL @ TOR
2023-07-20 22:14:09 INFO     1610612750
2023-07-20 22:14:09 INFO     Searching through 82 game(s) for the game_id of 0022201225 where MIN vs. NOP
2023-07-20 22:14:11 INFO     1610612751
2023-07-20 22:14:11 INFO     Searching through 82 game(s) for the game_id of 0022201217 where BKN vs. PHI
2023-07-20 22:14:13 INFO     1610612752
2023-07-20 22:14:13 INFO     Searching through 82 game(s) for the game_id of 0022201220 where NYK vs. IND
2023-07-20 22:14:15 INFO     1610612753
2023-07-20 22:14:15 INFO     Searching through 82 game(s) for the game_id of 0022201219 where ORL @ MIA
2023-07-20 22:14:17 INFO     1610612754
2023-07-20 22:14:17 INFO     Searching through 82 game(s) for the game_id of 0022201220 where IND @ NYK
2023-07-20 22:14:19 INFO     1610612755
2023-07-20 22:14:19 INFO     Searching through 82 game(s) for the game_id of 0022201217 where PHI @ BKN
2023-07-20 22:14:22 INFO     1610612756
2023-07-20 22:14:22 INFO     Searching through 82 game(s) for the game_id of 0022201229 where PHX vs. LAC
2023-07-20 22:14:24 INFO     1610612757
2023-07-20 22:14:24 INFO     Searching through 82 game(s) for the game_id of 0022201230 where POR vs. GSW
2023-07-20 22:14:26 INFO     1610612758
2023-07-20 22:14:26 INFO     Searching through 82 game(s) for the game_id of 0022201227 where SAC @ DEN
2023-07-20 22:14:29 INFO     1610612759
2023-07-20 22:14:29 INFO     Searching through 82 game(s) for the game_id of 0022201224 where SAS @ DAL
2023-07-20 22:14:31 INFO     1610612760
2023-07-20 22:14:31 INFO     Searching through 82 game(s) for the game_id of 0022201226 where OKC vs. MEM
2023-07-20 22:14:33 INFO     1610612761
2023-07-20 22:14:33 INFO     Searching through 82 game(s) for the game_id of 0022201221 where TOR vs. MIL
2023-07-20 22:14:35 INFO     1610612762
2023-07-20 22:14:35 INFO     Searching through 82 game(s) for the game_id of 0022201228 where UTA @ LAL
2023-07-20 22:14:46 INFO     1610612763
2023-07-20 22:14:46 INFO     Searching through 82 game(s) for the game_id of 0022201226 where MEM @ OKC
2023-07-20 22:14:48 INFO     1610612764
2023-07-20 22:14:48 INFO     Searching through 82 game(s) for the game_id of 0022201222 where WAS vs. HOU
2023-07-20 22:14:50 INFO     1610612765
2023-07-20 22:14:50 INFO     Searching through 82 game(s) for the game_id of 0022201223 where DET @ CHI
2023-07-20 22:14:52 INFO     1610612766
2023-07-20 22:14:52 INFO     Searching through 82 game(s) for the game_id of 0022201218 where CHA @ CLE
2023-07-20 22:41:46 INFO     Started
2023-07-20 22:41:46 WARNING  another warning
2023-07-20 22:41:46 INFO     30
2023-07-20 22:41:46 INFO     [1610612737, 1610612738, 1610612739, 1610612740, 1610612741, 1610612742, 1610612743, 1610612744, 1610612745, 1610612746, 1610612747, 1610612748, 1610612749, 1610612750, 1610612751, 1610612752, 1610612753, 1610612754, 1610612755, 1610612756, 1610612757, 1610612758, 1610612759, 1610612760, 1610612761, 1610612762, 1610612763, 1610612764, 1610612765, 1610612766]
2023-07-20 22:41:46 INFO     Started
2023-07-20 22:42:00 INFO     Started
2023-07-20 22:42:00 WARNING  another warning
2023-07-20 22:42:00 INFO     30
2023-07-20 22:42:00 INFO     [1610612737, 1610612738, 1610612739, 1610612740, 1610612741, 1610612742, 1610612743, 1610612744, 1610612745, 1610612746, 1610612747, 1610612748, 1610612749, 1610612750, 1610612751, 1610612752, 1610612753, 1610612754, 1610612755, 1610612756, 1610612757, 1610612758, 1610612759, 1610612760, 1610612761, 1610612762, 1610612763, 1610612764, 1610612765, 1610612766]
2023-07-20 22:42:00 INFO     Started
